TN:
SF:mocks/fileMock.js
FNF:0
FNH:0
DA:1,1
LF:1
LH:1
BRF:0
BRH:0
end_of_record
TN:
SF:mocks/styleMock.js
FNF:0
FNH:0
DA:1,1
LF:1
LH:1
BRF:0
BRH:0
end_of_record
TN:
SF:src/components/HighLightedWord.tsx
FN:9,HighLightedWord
FNF:1
FNH:1
FNDA:3,HighLightedWord
DA:1,1
DA:2,1
DA:3,1
DA:4,1
DA:5,1
DA:6,1
DA:7,1
DA:8,1
DA:9,1
DA:10,3
DA:11,3
DA:12,3
DA:13,3
DA:14,3
DA:15,3
DA:16,3
DA:17,3
DA:18,3
DA:19,1
DA:20,1
LF:20
LH:20
BRDA:9,0,0,3
BRF:1
BRH:1
end_of_record
TN:
SF:src/components/MarketOptions.tsx
FN:5,MarketOptions
FNF:1
FNH:1
FNDA:1,MarketOptions
DA:1,1
DA:2,1
DA:3,1
DA:4,1
DA:5,1
DA:6,1
DA:7,1
DA:8,1
DA:9,1
DA:10,1
DA:11,1
DA:12,1
DA:13,1
DA:14,1
DA:15,1
DA:16,1
DA:17,1
DA:18,1
LF:18
LH:18
BRDA:5,0,0,1
BRDA:10,1,0,0
BRDA:11,2,0,1
BRF:3
BRH:2
end_of_record
TN:
SF:src/components/ProgressBar.tsx
FN:3,ProgressBar
FNF:1
FNH:1
FNDA:1,ProgressBar
DA:1,1
DA:2,1
DA:3,1
DA:4,1
DA:5,1
DA:6,1
DA:7,1
DA:8,1
DA:9,1
DA:10,1
DA:11,1
DA:12,1
DA:13,1
DA:14,1
DA:15,1
DA:16,1
DA:17,1
DA:18,1
DA:19,1
DA:20,1
DA:21,1
DA:22,1
DA:23,1
DA:24,1
DA:25,1
LF:25
LH:25
BRDA:3,0,0,1
BRF:1
BRH:1
end_of_record
TN:
SF:src/components/SearchBar.tsx
FN:15,SearchBar
FN:70,handleInput
FN:73,handleFocus
FN:76,handleBlur
FNF:4
FNH:3
FNDA:8,SearchBar
FNDA:2,handleInput
FNDA:2,handleFocus
FNDA:0,handleBlur
DA:1,1
DA:2,1
DA:3,1
DA:4,1
DA:5,1
DA:6,1
DA:7,1
DA:8,1
DA:9,1
DA:10,1
DA:11,1
DA:12,1
DA:13,1
DA:14,1
DA:15,1
DA:16,8
DA:17,8
DA:18,8
DA:19,8
DA:20,8
DA:21,8
DA:22,8
DA:23,8
DA:24,8
DA:25,8
DA:26,8
DA:27,8
DA:28,8
DA:29,8
DA:30,8
DA:31,8
DA:32,2
DA:33,0
DA:34,0
DA:35,8
DA:36,8
DA:37,8
DA:38,2
DA:39,0
DA:40,0
DA:41,0
DA:42,8
DA:43,8
DA:44,8
DA:45,2
DA:46,0
DA:47,0
DA:48,0
DA:49,0
DA:50,8
DA:51,8
DA:52,8
DA:53,2
DA:54,8
DA:55,8
DA:56,8
DA:57,4
DA:58,2
DA:59,2
DA:60,8
DA:61,8
DA:62,8
DA:63,4
DA:64,2
DA:65,2
DA:66,2
DA:67,2
DA:68,8
DA:69,8
DA:70,8
DA:71,2
DA:72,2
DA:73,8
DA:74,2
DA:75,2
DA:76,8
DA:77,0
DA:78,0
DA:79,8
DA:80,8
DA:81,8
DA:82,8
DA:83,8
DA:84,8
DA:85,8
DA:86,8
DA:87,8
DA:88,8
DA:89,8
DA:90,8
DA:91,8
DA:92,8
DA:93,8
DA:94,8
DA:95,8
DA:96,8
DA:97,8
DA:98,8
DA:99,8
DA:100,1
DA:101,1
LF:101
LH:90
BRDA:15,0,0,8
BRDA:89,1,0,6
BRDA:89,2,0,2
BRDA:93,3,0,2
BRDA:93,4,0,2
BRDA:93,5,0,2
BRDA:96,6,0,2
BRDA:96,7,0,0
BRDA:31,8,0,2
BRDA:32,9,0,0
BRDA:32,10,0,0
BRDA:32,11,0,0
BRDA:32,12,0,0
BRDA:37,13,0,2
BRDA:38,14,0,0
BRDA:38,15,0,0
BRDA:38,16,0,0
BRDA:38,17,0,0
BRDA:44,18,0,2
BRDA:45,19,0,0
BRDA:45,20,0,0
BRDA:45,21,0,0
BRDA:45,22,0,0
BRDA:52,23,0,2
BRDA:53,24,0,0
BRDA:56,25,0,4
BRDA:57,26,0,2
BRDA:62,27,0,4
BRDA:63,28,0,2
BRDA:66,29,0,2
BRDA:70,30,0,2
BRDA:73,31,0,2
BRF:32
BRH:18
end_of_record
TN:
SF:src/components/KeyStats/KeyStats.tsx
FN:8,KeyStats
FNF:1
FNH:1
FNDA:1,KeyStats
DA:1,1
DA:2,1
DA:3,1
DA:4,1
DA:5,1
DA:6,1
DA:7,1
DA:8,1
DA:9,1
DA:10,1
DA:11,1
DA:12,1
DA:13,1
DA:14,1
DA:15,1
DA:16,0
DA:17,0
DA:18,1
DA:19,1
DA:20,1
DA:21,1
DA:22,0
DA:23,0
DA:24,0
DA:25,0
DA:26,0
DA:27,0
DA:28,0
DA:29,0
DA:30,0
DA:31,0
DA:32,0
DA:33,0
DA:34,0
DA:35,0
DA:36,0
DA:37,0
DA:38,0
DA:39,0
DA:40,0
DA:41,0
DA:42,0
DA:43,0
DA:44,0
DA:45,1
DA:46,1
DA:47,1
DA:48,1
DA:49,1
DA:50,1
DA:51,1
DA:52,1
DA:53,1
DA:54,1
DA:55,1
DA:56,1
DA:57,1
DA:58,1
DA:59,1
DA:60,1
DA:61,1
DA:62,1
DA:63,1
DA:64,1
DA:65,1
DA:66,1
DA:67,1
DA:68,1
DA:69,1
DA:70,1
DA:71,1
DA:72,1
DA:73,1
DA:74,1
DA:75,1
DA:76,1
DA:77,1
DA:78,1
DA:79,1
DA:80,1
DA:81,1
DA:82,1
DA:83,1
DA:84,1
DA:85,1
DA:86,1
DA:87,1
DA:88,1
DA:89,1
DA:90,1
DA:91,1
DA:92,1
DA:93,1
DA:94,1
DA:95,1
DA:96,1
DA:97,1
DA:98,1
DA:99,1
LF:99
LH:74
BRDA:8,0,0,1
BRDA:15,1,0,0
BRDA:22,2,0,0
BRDA:45,3,0,0
BRDA:49,4,0,0
BRDA:49,5,0,0
BRDA:53,6,0,0
BRDA:53,7,0,0
BRDA:57,8,0,0
BRDA:57,9,0,0
BRDA:57,10,0,0
BRDA:63,11,0,0
BRDA:63,12,0,0
BRDA:67,13,0,0
BRDA:67,14,0,0
BRDA:67,15,0,0
BRDA:67,16,0,0
BRDA:67,17,0,0
BRDA:67,18,0,0
BRDA:71,19,0,0
BRDA:75,20,0,0
BRDA:81,21,0,0
BRDA:81,22,0,0
BRDA:85,23,0,0
BRDA:85,24,0,0
BRDA:89,25,0,0
BRDA:89,26,0,0
BRDA:93,27,0,0
BRDA:93,28,0,0
BRF:29
BRH:1
end_of_record
TN:
SF:src/components/KeyStats/KeyStatsError.tsx
FN:4,KeyStatsError
FNF:1
FNH:0
FNDA:0,KeyStatsError
DA:1,1
DA:2,1
DA:3,1
DA:4,1
DA:5,0
DA:6,0
DA:7,1
DA:8,1
LF:8
LH:6
BRF:0
BRH:0
end_of_record
TN:
SF:src/components/KeyStats/KeyStatsLoading.tsx
FN:4,KeyStatsLoading
FNF:1
FNH:1
FNDA:1,KeyStatsLoading
DA:1,1
DA:2,1
DA:3,1
DA:4,1
DA:5,1
DA:6,1
DA:7,1
DA:8,1
DA:9,1
DA:10,1
DA:11,1
DA:12,1
DA:13,1
DA:14,1
DA:15,1
DA:16,1
DA:17,1
DA:18,1
DA:19,1
LF:19
LH:19
BRDA:4,0,0,1
BRF:1
BRH:1
end_of_record
TN:
SF:src/components/LivePrice/LivePrice.tsx
FN:14,fromSSE
FN:23,LivePrice
FNF:2
FNH:0
FNDA:0,fromSSE
FNDA:0,LivePrice
DA:1,1
DA:2,1
DA:3,1
DA:4,1
DA:5,1
DA:6,1
DA:7,1
DA:8,1
DA:9,1
DA:10,1
DA:11,1
DA:12,1
DA:13,1
DA:14,0
DA:15,0
DA:16,0
DA:17,0
DA:18,0
DA:19,0
DA:20,0
DA:21,0
DA:22,1
DA:23,1
DA:24,0
DA:25,0
DA:26,0
DA:27,0
DA:28,0
DA:29,0
DA:30,0
DA:31,0
DA:32,0
DA:33,0
DA:34,0
DA:35,0
DA:36,0
DA:37,0
DA:38,0
DA:39,0
DA:40,0
DA:41,0
DA:42,0
DA:43,0
DA:44,0
DA:45,0
DA:46,0
DA:47,0
DA:48,0
DA:49,0
DA:50,0
DA:51,0
DA:52,0
DA:53,0
DA:54,0
DA:55,0
DA:56,0
DA:57,0
DA:58,0
DA:59,0
DA:60,0
DA:61,0
DA:62,0
DA:63,0
DA:64,0
DA:65,0
DA:66,0
DA:67,0
DA:68,0
DA:69,0
DA:70,0
DA:71,1
DA:72,1
LF:72
LH:17
BRF:0
BRH:0
end_of_record
TN:
SF:src/components/LivePrice/LivePriceError.tsx
FN:4,LivePriceLoadingError
FNF:1
FNH:0
FNDA:0,LivePriceLoadingError
DA:1,1
DA:2,1
DA:3,1
DA:4,1
DA:5,0
DA:6,0
DA:7,1
DA:8,1
LF:8
LH:6
BRF:0
BRH:0
end_of_record
TN:
SF:src/components/LivePrice/LivePriceLoading.tsx
FN:4,LivePriceLoading
FNF:1
FNH:0
FNDA:0,LivePriceLoading
DA:1,1
DA:2,1
DA:3,1
DA:4,1
DA:5,0
DA:6,0
DA:7,0
DA:8,0
DA:9,0
DA:10,0
DA:11,0
DA:12,0
DA:13,0
DA:14,0
DA:15,0
DA:16,0
DA:17,0
DA:18,1
DA:19,1
LF:19
LH:6
BRF:0
BRH:0
end_of_record
TN:
SF:src/components/News/News.tsx
FN:15,News
FNF:1
FNH:0
FNDA:0,News
DA:1,1
DA:2,1
DA:3,1
DA:4,1
DA:5,1
DA:6,1
DA:7,1
DA:8,1
DA:9,1
DA:10,1
DA:11,1
DA:12,1
DA:13,1
DA:14,1
DA:15,1
DA:16,0
DA:17,0
DA:18,0
DA:19,0
DA:20,0
DA:21,0
DA:22,0
DA:23,0
DA:24,0
DA:25,0
DA:26,0
DA:27,0
DA:28,0
DA:29,0
DA:30,0
DA:31,0
DA:32,0
DA:33,0
DA:34,0
DA:35,0
DA:36,0
DA:37,0
DA:38,0
DA:39,0
DA:40,0
DA:41,0
DA:42,0
DA:43,0
DA:44,0
DA:45,0
DA:46,0
DA:47,0
DA:48,0
DA:49,0
DA:50,0
DA:51,0
LF:51
LH:15
BRF:0
BRH:0
end_of_record
TN:
SF:src/components/News/NewsError.tsx
FN:4,NewsError
FNF:1
FNH:0
FNDA:0,NewsError
DA:1,1
DA:2,1
DA:3,1
DA:4,1
DA:5,0
DA:6,0
DA:7,1
DA:8,1
LF:8
LH:6
BRF:0
BRH:0
end_of_record
TN:
SF:src/components/News/NewsLoading.tsx
FN:4,NewsLoading
FNF:1
FNH:0
FNDA:0,NewsLoading
DA:1,1
DA:2,1
DA:3,1
DA:4,1
DA:5,0
DA:6,0
DA:7,0
DA:8,0
DA:9,0
DA:10,0
DA:11,0
DA:12,0
DA:13,0
DA:14,0
DA:15,0
DA:16,0
DA:17,0
DA:18,1
DA:19,1
LF:19
LH:6
BRF:0
BRH:0
end_of_record
TN:
SF:src/components/SplashScreen/SplashScreen.tsx
FN:7,SplashScreen
FNF:1
FNH:1
FNDA:1,SplashScreen
DA:1,1
DA:2,1
DA:3,1
DA:4,1
DA:5,1
DA:6,1
DA:7,1
DA:8,1
DA:9,1
DA:10,1
DA:11,1
DA:12,1
DA:13,1
DA:14,1
DA:15,1
DA:16,1
DA:17,1
DA:18,1
DA:19,1
DA:20,1
DA:21,1
DA:22,1
LF:22
LH:22
BRDA:7,0,0,1
BRDA:9,1,0,0
BRDA:13,2,0,0
BRDA:14,3,0,0
BRDA:17,4,0,0
BRF:5
BRH:1
end_of_record
TN:
SF:src/components/StockOption/StockOption.tsx
FN:13,StockOption
FN:16,handleClick
FN:22,onMouseDown
FN:24,onMouseEnter
FNF:4
FNH:1
FNDA:1,StockOption
FNDA:0,handleClick
FNDA:0,onMouseDown
FNDA:0,onMouseEnter
DA:1,1
DA:2,1
DA:3,1
DA:4,1
DA:5,1
DA:6,1
DA:7,1
DA:8,1
DA:9,1
DA:10,1
DA:11,1
DA:12,1
DA:13,1
DA:14,1
DA:15,1
DA:16,1
DA:17,0
DA:18,0
DA:19,1
DA:20,1
DA:21,1
DA:22,1
DA:23,1
DA:24,1
DA:25,1
DA:26,1
DA:27,1
DA:28,1
DA:29,1
DA:30,1
DA:31,1
DA:32,1
DA:33,1
DA:34,1
DA:35,1
DA:36,1
DA:37,1
DA:38,1
LF:38
LH:36
BRDA:13,0,0,1
BRDA:29,1,0,2
BRF:2
BRH:2
end_of_record
TN:
SF:src/components/SuggestionPanel/SuggestionPanel.tsx
FN:6,SuggestionPanel
FNF:1
FNH:1
FNDA:2,SuggestionPanel
DA:1,1
DA:2,1
DA:3,1
DA:4,1
DA:5,1
DA:6,1
DA:7,2
DA:8,2
DA:9,2
DA:10,2
DA:11,2
DA:12,1
DA:13,2
DA:14,2
DA:15,2
DA:16,2
DA:17,2
DA:18,1
DA:19,1
LF:19
LH:19
BRDA:6,0,0,2
BRDA:10,1,0,0
BRDA:10,2,0,1
BRDA:11,3,0,1
BRF:4
BRH:3
end_of_record
TN:
SF:src/components/Summary/Summary.tsx
FN:7,Summary
FNF:1
FNH:0
FNDA:0,Summary
DA:1,1
DA:2,1
DA:3,1
DA:4,1
DA:5,1
DA:6,1
DA:7,1
DA:8,0
DA:9,0
DA:10,0
DA:11,0
DA:12,0
DA:13,0
DA:14,0
DA:15,0
DA:16,0
DA:17,0
DA:18,0
DA:19,0
DA:20,0
DA:21,0
DA:22,0
DA:23,0
DA:24,0
DA:25,0
DA:26,0
DA:27,0
DA:28,0
DA:29,0
DA:30,0
DA:31,0
DA:32,0
DA:33,0
DA:34,0
DA:35,0
DA:36,0
DA:37,0
LF:37
LH:7
BRF:0
BRH:0
end_of_record
TN:
SF:src/components/Summary/SummaryError.tsx
FN:4,SummaryError
FNF:1
FNH:0
FNDA:0,SummaryError
DA:1,1
DA:2,1
DA:3,1
DA:4,1
DA:5,0
DA:6,0
DA:7,1
DA:8,1
LF:8
LH:6
BRF:0
BRH:0
end_of_record
TN:
SF:src/components/Summary/SummaryLoading.tsx
FN:4,SummaryLoading
FNF:1
FNH:0
FNDA:0,SummaryLoading
DA:1,1
DA:2,1
DA:3,1
DA:4,1
DA:5,0
DA:6,0
DA:7,0
DA:8,0
DA:9,0
DA:10,0
DA:11,0
DA:12,0
DA:13,0
DA:14,0
DA:15,0
DA:16,0
DA:17,0
DA:18,1
DA:19,1
LF:19
LH:6
BRF:0
BRH:0
end_of_record
TN:
SF:src/components/TopPeers/TopPeers.tsx
FN:8,Peers
FNF:1
FNH:0
FNDA:0,Peers
DA:1,1
DA:2,1
DA:3,1
DA:4,1
DA:5,1
DA:6,1
DA:7,1
DA:8,1
DA:9,0
DA:10,0
DA:11,0
DA:12,0
DA:13,0
DA:14,0
DA:15,0
DA:16,0
DA:17,0
DA:18,0
DA:19,0
DA:20,0
DA:21,0
DA:22,0
DA:23,0
DA:24,0
DA:25,0
DA:26,0
DA:27,0
DA:28,0
DA:29,0
DA:30,0
DA:31,0
DA:32,0
DA:33,0
DA:34,0
DA:35,0
DA:36,0
LF:36
LH:8
BRF:0
BRH:0
end_of_record
TN:
SF:src/components/TopPeers/TopPeersError.tsx
FN:4,TopPeersError
FNF:1
FNH:0
FNDA:0,TopPeersError
DA:1,1
DA:2,1
DA:3,1
DA:4,1
DA:5,0
DA:6,0
DA:7,1
DA:8,1
LF:8
LH:6
BRF:0
BRH:0
end_of_record
TN:
SF:src/components/TopPeers/TopPeersLoading.tsx
FN:4,TopPeersLoading
FNF:1
FNH:0
FNDA:0,TopPeersLoading
DA:1,1
DA:2,1
DA:3,1
DA:4,1
DA:5,0
DA:6,0
DA:7,0
DA:8,0
DA:9,0
DA:10,0
DA:11,0
DA:12,0
DA:13,0
DA:14,0
DA:15,0
DA:16,0
DA:17,0
DA:18,1
DA:19,1
LF:19
LH:6
BRF:0
BRH:0
end_of_record
TN:
SF:src/context/QueryContext.tsx
FN:16,setCursor
FN:17,setStockSearch
FNF:2
FNH:0
FNDA:0,setCursor
FNDA:0,setStockSearch
DA:1,1
DA:2,1
DA:3,1
DA:4,1
DA:5,1
DA:6,1
DA:7,1
DA:8,1
DA:9,1
DA:10,1
DA:11,1
DA:12,1
DA:13,1
DA:14,1
DA:15,1
DA:16,1
DA:17,1
DA:18,1
LF:18
LH:18
BRF:0
BRH:0
end_of_record
TN:
SF:src/context/SetSymbolContext.tsx
FN:7,setSelectedResult
FNF:1
FNH:0
FNDA:0,setSelectedResult
DA:1,1
DA:2,1
DA:3,1
DA:4,1
DA:5,1
DA:6,1
DA:7,1
DA:8,1
LF:8
LH:8
BRF:0
BRH:0
end_of_record
TN:
SF:src/hooks/useFetchCompanyData.ts
FN:10,useFetchCompanyData
FNF:1
FNH:0
FNDA:0,useFetchCompanyData
DA:1,1
DA:2,1
DA:3,1
DA:4,1
DA:5,1
DA:6,1
DA:7,1
DA:8,1
DA:9,1
DA:10,1
DA:11,0
DA:12,0
DA:13,0
DA:14,0
DA:15,0
DA:16,0
DA:17,0
DA:18,0
DA:19,0
DA:20,0
DA:21,0
DA:22,0
DA:23,0
DA:24,0
DA:25,0
DA:26,0
DA:27,0
DA:28,0
DA:29,0
DA:30,0
DA:31,0
DA:32,0
DA:33,0
DA:34,0
DA:35,1
DA:36,1
LF:36
LH:12
BRF:0
BRH:0
end_of_record
TN:
SF:src/hooks/useFetchKeyStatsData.ts
FN:19,useFetchKeyStatsData
FNF:1
FNH:1
FNDA:1,useFetchKeyStatsData
DA:1,1
DA:2,1
DA:3,1
DA:4,1
DA:5,1
DA:6,1
DA:7,1
DA:8,1
DA:9,1
DA:10,1
DA:11,1
DA:12,1
DA:13,1
DA:14,1
DA:15,1
DA:16,1
DA:17,1
DA:18,1
DA:19,1
DA:20,1
DA:21,1
DA:22,1
DA:23,1
DA:24,1
DA:25,1
DA:26,0
DA:27,0
DA:28,0
DA:29,0
DA:30,0
DA:31,0
DA:32,0
DA:33,0
DA:34,0
DA:35,0
DA:36,0
DA:37,0
DA:38,0
DA:39,0
DA:40,0
DA:41,1
DA:42,1
DA:43,1
DA:44,1
DA:45,1
DA:46,1
DA:47,1
LF:47
LH:32
BRDA:19,0,0,1
BRDA:23,1,0,1
BRF:2
BRH:2
end_of_record
TN:
SF:src/hooks/useFetchNewsData.ts
FN:11,useFetchNewsData
FNF:1
FNH:0
FNDA:0,useFetchNewsData
DA:1,1
DA:2,1
DA:3,1
DA:4,1
DA:5,1
DA:6,1
DA:7,1
DA:8,1
DA:9,1
DA:10,1
DA:11,1
DA:12,0
DA:13,0
DA:14,0
DA:15,0
DA:16,0
DA:17,0
DA:18,0
DA:19,0
DA:20,0
DA:21,0
DA:22,0
DA:23,0
DA:24,0
DA:25,0
DA:26,0
DA:27,0
DA:28,0
DA:29,0
DA:30,0
DA:31,0
DA:32,0
DA:33,0
DA:34,0
DA:35,0
DA:36,1
DA:37,1
LF:37
LH:13
BRF:0
BRH:0
end_of_record
TN:
SF:src/hooks/useFetchTopPeers.ts
FN:3,useFetchTopPeers
FNF:1
FNH:0
FNDA:0,useFetchTopPeers
DA:1,1
DA:2,1
DA:3,1
DA:4,0
DA:5,0
DA:6,0
DA:7,0
DA:8,0
DA:9,0
DA:10,0
DA:11,0
DA:12,0
DA:13,0
DA:14,0
DA:15,0
DA:16,0
DA:17,0
DA:18,0
DA:19,0
DA:20,0
DA:21,0
DA:22,0
DA:23,0
DA:24,0
DA:25,0
DA:26,0
DA:27,1
DA:28,1
LF:28
LH:5
BRF:0
BRH:0
end_of_record
TN:
SF:src/hooks/useKeyPress.tsx
FN:3,useKeyPress
FN:6,downHandler
FN:12,upHandler
FNF:3
FNH:1
FNDA:24,useKeyPress
FNDA:0,downHandler
FNDA:0,upHandler
DA:1,1
DA:2,1
DA:3,1
DA:4,24
DA:5,24
DA:6,24
DA:7,0
DA:8,0
DA:9,0
DA:10,0
DA:11,24
DA:12,24
DA:13,0
DA:14,0
DA:15,0
DA:16,0
DA:17,24
DA:18,24
DA:19,24
DA:20,24
DA:21,24
DA:22,24
DA:23,24
DA:24,24
DA:25,24
DA:26,24
DA:27,24
DA:28,24
LF:28
LH:20
BRDA:3,0,0,24
BRDA:17,1,0,24
BRDA:21,2,0,24
BRF:3
BRH:3
end_of_record
TN:
SF:src/services/queryService.ts
FN:25,queryFetch
FNF:1
FNH:0
FNDA:0,queryFetch
DA:1,1
DA:2,1
DA:3,1
DA:4,1
DA:5,1
DA:6,1
DA:7,1
DA:8,1
DA:9,1
DA:10,1
DA:11,1
DA:12,1
DA:13,1
DA:14,1
DA:15,1
DA:16,1
DA:17,1
DA:18,1
DA:19,1
DA:20,1
DA:21,1
DA:22,1
DA:23,1
DA:24,1
DA:25,1
DA:26,0
DA:27,0
DA:28,0
DA:29,0
DA:30,0
DA:31,0
DA:32,0
DA:33,0
DA:34,0
DA:35,0
DA:36,0
DA:37,0
LF:37
LH:25
BRF:0
BRH:0
end_of_record
TN:
SF:src/utils/filterQueries.ts
FN:6,filterQueries
FNF:1
FNH:0
FNDA:0,filterQueries
DA:1,1
DA:2,1
DA:3,1
DA:4,1
DA:5,1
DA:6,1
DA:7,0
DA:8,0
DA:9,0
DA:10,0
DA:11,0
DA:12,0
LF:12
LH:6
BRF:0
BRH:0
end_of_record
TN:
SF:src/utils/formatNumber.ts
FN:8,formatNumber
FNF:1
FNH:1
FNDA:5,formatNumber
DA:1,1
DA:2,1
DA:3,1
DA:4,1
DA:5,1
DA:6,1
DA:7,1
DA:8,1
DA:9,5
DA:10,5
DA:11,5
DA:12,19
DA:13,19
DA:14,19
DA:15,19
DA:16,19
DA:17,19
DA:18,19
DA:19,5
DA:20,5
LF:20
LH:20
BRDA:8,0,0,5
BRDA:11,1,0,19
BRDA:13,2,0,5
BRDA:15,3,0,14
BRDA:19,4,0,14
BRF:5
BRH:5
end_of_record
TN:
SF:src/utils/highLightMatch.ts
FN:1,highlightMatch
FNF:1
FNH:1
FNDA:6,highlightMatch
DA:1,1
DA:2,6
DA:3,6
DA:4,6
DA:5,6
DA:6,6
DA:7,6
LF:7
LH:7
BRDA:1,0,0,6
BRDA:4,1,0,3
BRDA:4,2,0,3
BRF:3
BRH:3
end_of_record
